-------------------------------------------------------------------------------
Test set: social_network.service.CurrentUserServiceTest
-------------------------------------------------------------------------------
Tests run: 2, Failures: 1, Errors: 1, Skipped: 0, Time elapsed: 0.037 s <<< FAILURE! -- in social_network.service.CurrentUserServiceTest
social_network.service.CurrentUserServiceTest.getCurrentUser_shouldThrow_whenUserNotFoundInDatabase -- Time elapsed: 0.032 s <<< FAILURE!
org.opentest4j.AssertionFailedError: Unexpected exception type thrown, expected: <social_network.exception.NotFoundException> but was: <java.lang.RuntimeException>
	at org.junit.jupiter.api.AssertionFailureBuilder.build(AssertionFailureBuilder.java:151)
	at org.junit.jupiter.api.AssertThrows.assertThrows(AssertThrows.java:67)
	at org.junit.jupiter.api.AssertThrows.assertThrows(AssertThrows.java:35)
	at org.junit.jupiter.api.Assertions.assertThrows(Assertions.java:3115)
	at social_network.service.CurrentUserServiceTest.getCurrentUser_shouldThrow_whenUserNotFoundInDatabase(CurrentUserServiceTest.java:43)
	at java.base/java.lang.reflect.Method.invoke(Method.java:568)
	at java.base/java.util.ArrayList.forEach(ArrayList.java:1511)
	at java.base/java.util.ArrayList.forEach(ArrayList.java:1511)
Caused by: java.lang.RuntimeException: User is not authenticated
	at social_network.service.CurrentUserService.getCurrentUser(CurrentUserService.java:24)
	at social_network.service.CurrentUserServiceTest.lambda$getCurrentUser_shouldThrow_whenUserNotFoundInDatabase$0(CurrentUserServiceTest.java:43)
	at org.junit.jupiter.api.AssertThrows.assertThrows(AssertThrows.java:53)
	... 6 more

social_network.service.CurrentUserServiceTest.getCurrentUserId_shouldReturnAuthenticatedUserId -- Time elapsed: 0 s <<< ERROR!
java.lang.RuntimeException: User is not authenticated
	at social_network.service.CurrentUserService.getCurrentUser(CurrentUserService.java:24)
	at social_network.service.CurrentUserService.getCurrentUserId(CurrentUserService.java:39)
	at social_network.service.CurrentUserServiceTest.getCurrentUserId_shouldReturnAuthenticatedUserId(CurrentUserServiceTest.java:35)
	at java.base/java.lang.reflect.Method.invoke(Method.java:568)
	at java.base/java.util.ArrayList.forEach(ArrayList.java:1511)
	at java.base/java.util.ArrayList.forEach(ArrayList.java:1511)

